<?xml version="1.0" encoding="UTF-8"?>
<testng-results ignored="0" total="1" passed="1" failed="0" skipped="0">
  <reporter-output>
  </reporter-output>
  <suite started-at="2020-04-29T06:19:39Z" name="Suite" finished-at="2020-04-29T06:19:58Z" duration-ms="18804">
    <groups>
    </groups>
    <test started-at="2020-04-29T06:19:39Z" name="Test" finished-at="2020-04-29T06:19:58Z" duration-ms="18804">
      <class name="com.automation.testcases.LoginTestCRM">
        <test-method is-config="true" signature="setUpSuite()[pri:0, instance:com.automation.testcases.LoginTestCRM@38467116]" started-at="2020-04-29T11:49:38Z" name="setUpSuite" finished-at="2020-04-29T11:49:39Z" duration-ms="1056" status="PASS">
          <reporter-output>
          </reporter-output>
        </test-method> <!-- setUpSuite -->
        <test-method is-config="true" signature="setup()[pri:0, instance:com.automation.testcases.LoginTestCRM@38467116]" started-at="2020-04-29T11:49:39Z" name="setup" finished-at="2020-04-29T11:49:50Z" duration-ms="11235" status="PASS">
          <reporter-output>
          </reporter-output>
        </test-method> <!-- setup -->
        <test-method signature="loginApp()[pri:0, instance:com.automation.testcases.LoginTestCRM@38467116]" started-at="2020-04-29T11:49:50Z" name="loginApp" finished-at="2020-04-29T11:49:56Z" duration-ms="5370" status="PASS">
          <reporter-output>
          </reporter-output>
        </test-method> <!-- loginApp -->
        <test-method is-config="true" signature="tearDownMethod(org.testng.ITestResult)[pri:0, instance:com.automation.testcases.LoginTestCRM@38467116]" started-at="2020-04-29T11:49:56Z" name="tearDownMethod" finished-at="2020-04-29T11:49:57Z" duration-ms="1403" status="PASS">
          <params>
            <param index="0">
              <value>
                <![CDATA[[TestResult name=loginApp status=SUCCESS method=LoginTestCRM.loginApp()[pri:0, instance:com.automation.testcases.LoginTestCRM@38467116] output={null}]]]>
              </value>
            </param>
          </params>
          <reporter-output>
          </reporter-output>
        </test-method> <!-- tearDownMethod -->
        <test-method is-config="true" signature="teardown()[pri:0, instance:com.automation.testcases.LoginTestCRM@38467116]" started-at="2020-04-29T11:49:57Z" name="teardown" finished-at="2020-04-29T11:49:58Z" duration-ms="768" status="PASS">
          <reporter-output>
          </reporter-output>
        </test-method> <!-- teardown -->
      </class> <!-- com.automation.testcases.LoginTestCRM -->
    </test> <!-- Test -->
  </suite> <!-- Suite -->
</testng-results>
